<?xml version="1.0" encoding="UTF-8"?>
<!-- Generated by org.testng.reporters.JUnitReportReporter -->
<testsuite hostname="ndi-mb-186" failures="0" tests="10" name="com.saucelabs.qa.tests.DemoTest" time="0.954" errors="0" timestamp="06 Jun 2022 21:45:07 GMT" skipped="0">
  <testcase classname="com.saucelabs.qa.tests.DemoTest" name="Login" time="0.256"/>
  <testcase classname="com.saucelabs.qa.tests.DemoTest" name="Add_Random_Items" time="0.126"/>
  <testcase classname="com.saucelabs.qa.tests.DemoTest" name="Add_To_Cart" time="0.039"/>
  <testcase classname="com.saucelabs.qa.tests.DemoTest" name="Remove_Second_Item" time="0.033"/>
  <testcase classname="com.saucelabs.qa.tests.DemoTest" name="Checkout" time="0.043"/>
  <testcase classname="com.saucelabs.qa.tests.DemoTest" name="Fill_Details" time="0.230"/>
  <testcase classname="com.saucelabs.qa.tests.DemoTest" name="Payment_Information" time="0.046"/>
  <testcase classname="com.saucelabs.qa.tests.DemoTest" name="Verify_Price" time="0.080"/>
  <testcase classname="com.saucelabs.qa.tests.DemoTest" name="finish_button" time="0.042"/>
  <testcase classname="com.saucelabs.qa.tests.DemoTest" name="Verify_text_msg" time="0.059"/>
</testsuite> <!-- com.saucelabs.qa.tests.DemoTest -->
